Using pre-set license
Built from '2022.3/staging' branch; Version is '2022.3.10f1 (ff3792e53c62) revision 16725906'; Using compiler version '192829333'; Build Type 'Release'
OS: 'Windows 11  (10.0.22621) 64bit Core' Language: 'fr' Physical Memory: 5989 MB
BatchMode: 1, IsHumanControllingUs: 0, StartBugReporterOnCrash: 0, Is64bit: 1, IsPro: 1

COMMAND LINE ARGUMENTS:
C:\Program Files\Unity\Hub\Editor\2022.3.10f1\Editor\Unity.exe
-adb2
-batchMode
-noUpm
-name
AssetImportWorker0
-projectPath
C:/Users/Confi/TP4PJ_2
-logFile
Logs/AssetImportWorker0.log
-srvPort
57203
Successfully changed project path to: C:/Users/Confi/TP4PJ_2
C:/Users/Confi/TP4PJ_2
[UnityMemory] Configuration Parameters - Can be set up in boot.config
    "memorysetup-bucket-allocator-granularity=16"
    "memorysetup-bucket-allocator-bucket-count=8"
    "memorysetup-bucket-allocator-block-size=33554432"
    "memorysetup-bucket-allocator-block-count=8"
    "memorysetup-main-allocator-block-size=16777216"
    "memorysetup-thread-allocator-block-size=16777216"
    "memorysetup-gfx-main-allocator-block-size=16777216"
    "memorysetup-gfx-thread-allocator-block-size=16777216"
    "memorysetup-cache-allocator-block-size=4194304"
    "memorysetup-typetree-allocator-block-size=2097152"
    "memorysetup-profiler-bucket-allocator-granularity=16"
    "memorysetup-profiler-bucket-allocator-bucket-count=8"
    "memorysetup-profiler-bucket-allocator-block-size=33554432"
    "memorysetup-profiler-bucket-allocator-block-count=8"
    "memorysetup-profiler-allocator-block-size=16777216"
    "memorysetup-profiler-editor-allocator-block-size=1048576"
    "memorysetup-temp-allocator-size-main=16777216"
    "memorysetup-job-temp-allocator-block-size=2097152"
    "memorysetup-job-temp-allocator-block-size-background=1048576"
    "memorysetup-job-temp-allocator-reduction-small-platforms=262144"
    "memorysetup-allocator-temp-initial-block-size-main=262144"
    "memorysetup-allocator-temp-initial-block-size-worker=262144"
    "memorysetup-temp-allocator-size-background-worker=32768"
    "memorysetup-temp-allocator-size-job-worker=262144"
    "memorysetup-temp-allocator-size-preload-manager=33554432"
    "memorysetup-temp-allocator-size-nav-mesh-worker=65536"
    "memorysetup-temp-allocator-size-audio-worker=65536"
    "memorysetup-temp-allocator-size-cloud-worker=32768"
    "memorysetup-temp-allocator-size-gi-baking-worker=262144"
    "memorysetup-temp-allocator-size-gfx=262144"
Player connection [77764] Host "[IP] 10.188.209.104 [Port] 0 [Flags] 2 [Guid] 510594538 [EditorId] 510594538 [Version] 1048832 [Id] WindowsEditor(7,Sou) [Debug] 1 [PackageName] WindowsEditor [ProjectName] Editor" joined multi-casting on [225.0.0.222:54997]...

Player connection [77764] Host "[IP] 10.188.209.104 [Port] 0 [Flags] 2 [Guid] 510594538 [EditorId] 510594538 [Version] 1048832 [Id] WindowsEditor(7,Sou) [Debug] 1 [PackageName] WindowsEditor [ProjectName] Editor" joined alternative multi-casting on [225.0.0.222:34997]...

[Physics::Module] Initialized MultithreadedJobDispatcher with 11 workers.
Refreshing native plugins compatible for Editor in 75.52 ms, found 3 plugins.
Preloading 0 native plugins for Editor in 0.00 ms.
Initialize engine version: 2022.3.10f1 (ff3792e53c62)
[Subsystems] Discovering subsystems at path C:/Program Files/Unity/Hub/Editor/2022.3.10f1/Editor/Data/Resources/UnitySubsystems
[Subsystems] Discovering subsystems at path C:/Users/Confi/TP4PJ_2/Assets
GfxDevice: creating device client; threaded=0; jobified=0
Direct3D:
    Version:  Direct3D 11.0 [level 11.1]
    Renderer: AMD Radeon(TM) Graphics (ID=0x164c)
    Vendor:   ATI
    VRAM:     2994 MB
    Driver:   31.0.12044.45004
received signal from system: SIGSEGV
Obtained 0 stack frames

Crash!!!
  ERROR: Error while initializing dbghelp.dll, GetLastError: 'L’opération a réussi.' (Address: 0000000000000000)

========== OUTPUTTING STACK TRACE ==================

SymInit: Symbol-SearchPath: 'C:/Program Files/Unity/Hub/Editor/2022.3.10f1/Editor/Data/Mono;.;C:\Users\Confi\TP4PJ_2;C:\Users\Confi\TP4PJ_2\Library\BurstCache\JIT;C:\Program Files\Unity\Hub\Editor\2022.3.10f1\Editor;C:\Windows;C:\Windows\system32;', symOptions: 534, UserName: 'Confi'
OS-Version: 10.0.0
C:\Program Files\Unity\Hub\Editor\2022.3.10f1\Editor\Unity.exe:Unity.exe (00007FF670450000), size: 82272256 (result: 0), SymType: '-deferred-', PDB: '', fileVersion: 2022.3.10.14226
C:\Windows\SYSTEM32\ntdll.dll:ntdll.dll (00007FFA684D0000), size: 2191360 (result: 0), SymType: '-deferred-', PDB: '', fileVersion: 10.0.22621.2428
C:\Windows\System32\KERNEL32.DLL:KERNEL32.DLL (00007FFA67AA0000), size: 802816 (result: 0), SymType: '-deferred-', PDB: '', fileVersion: 10.0.22621.2428
C:\Windows\System32\KERNELBASE.dll:KERNELBASE.dll (00007FFA65D20000), size: 3825664 (result: 0), SymType: '-deferred-', PDB: '', fileVersion: 10.0.22621.2428
C:\Windows\System32\CRYPT32.dll:CRYPT32.dll (00007FFA65BB0000), size: 1466368 (result: 0), SymType: '-deferred-', PDB: '', fileVersion: 10.0.22621.2215
C:\Windows\System32\ucrtbase.dll:ucrtbase.dll (00007FFA65A90000), size: 1118208 (result: 0), SymType: '-deferred-', PDB: '', fileVersion: 10.0.22621.608
C:\Windows\System32\USER32.dll:USER32.dll (00007FFA68220000), size: 1757184 (result: 0), SymType: '-deferred-', PDB: '', fileVersion: 10.0.22621.2428
C:\Windows\System32\win32u.dll:win32u.dll (00007FFA660D0000), size: 155648 (result: 8), SymType: '-unknown-', PDB: '', fileVersion: 10.0.22621.2428
  ERROR: LoadModule, GetLastError: 'Les ressources mémoire disponibles sont insuffisantes pour traiter cette commande.' (Address: 0000000000000000)
C:\Windows\System32\GDI32.dll:GDI32.dll (00007FFA67DE0000), size: 167936 (result: 8), SymType: '-unknown-', PDB: '', fileVersion: 10.0.22621.2215
  ERROR: LoadModule, GetLastError: 'Les ressources mémoire disponibles sont insuffisantes pour traiter cette commande.' (Address: 0000000000000000)
C:\Windows\System32\gdi32full.dll:gdi32full.dll (00007FFA658F0000), size: 1146880 (result: 8), SymType: '-unknown-', PDB: '', fileVersion: 10.0.22621.2361
  ERROR: LoadModule, GetLastError: 'Les ressources mémoire disponibles sont insuffisantes pour traiter cette commande.' (Address: 0000000000000000)
C:\Windows\System32\msvcp_win.dll:msvcp_win.dll (00007FFA65850000), size: 630784 (result: 8), SymType: '-unknown-', PDB: '', fileVersion: 10.0.22621.608
  ERROR: LoadModule, GetLastError: 'Les ressources mémoire disponibles sont insuffisantes pour traiter cette commande.' (Address: 0000000000000000)
C:\Windows\System32\ADVAPI32.dll:ADVAPI32.dll (00007FFA66B00000), size: 720896 (result: 0), SymType: '-deferred-', PDB: '', fileVersion: 10.0.22621.2215
C:\Windows\System32\msvcrt.dll:msvcrt.dll (00007FFA67190000), size: 684032 (result: 8), SymType: '-unknown-', PDB: '', fileVersion: 7.0.22621.608
  ERROR: LoadModule, GetLastError: 'Les ressources mémoire disponibles sont insuffisantes pour traiter cette commande.' (Address: 0000000000000000)
C:\Windows\System32\sechost.dll:sechost.dll (00007FFA67D30000), size: 679936 (result: 8), SymType: '-unknown-', PDB: '', fileVersion: 10.0.22621.2215
  ERROR: LoadModule, GetLastError: 'Les ressources mémoire disponibles sont insuffisantes pour traiter cette commande.' (Address: 0000000000000000)
C:\Program Files\Unity\Hub\Editor\2022.3.10f1\Editor\s3tcompress.dll:s3tcompress.dll (00007FFA5BB50000), size: 180224 (result: 0), SymType: '-deferred-', PDB: ''
C:\Windows\System32\RPCRT4.dll:RPCRT4.dll (00007FFA67070000), size: 1142784 (result: 0), SymType: '-deferred-', PDB: '', fileVersion: 10.0.22621.2428
C:\Program Files\Unity\Hub\Editor\2022.3.10f1\Editor\libfbxsdk.dll:libfbxsdk.dll (00007FFA00DE0000), size: 10067968 (result: 0), SymType: '-deferred-', PDB: '', fileVersion: 2020.3.3.0
C:\Program Files\Unity\Hub\Editor\2022.3.10f1\Editor\etccompress.dll:etccompress.dll (00007FFA0B6A0000), size: 5066752 (result: 0), SymType: '-deferred-', PDB: ''
C:\Windows\System32\SHELL32.dll:SHELL32.dll (00007FFA67240000), size: 8749056 (result: 0), SymType: '-deferred-', PDB: '', fileVersion: 10.0.22621.2428
C:\Windows\System32\SHLWAPI.dll:SHLWAPI.dll (00007FFA66D50000), size: 385024 (result: 0), SymType: '-deferred-', PDB: '', fileVersion: 10.0.22621.1635
C:\Windows\System32\ole32.dll:ole32.dll (00007FFA66BB0000), size: 1699840 (result: 8), SymType: '-unknown-', PDB: '', fileVersion: 10.0.22621.2428
  ERROR: LoadModule, GetLastError: 'Les ressources mémoire disponibles sont insuffisantes pour traiter cette commande.' (Address: 0000000000000000)
C:\Windows\System32\combase.dll:combase.dll (00007FFA66700000), size: 3710976 (result: 8), SymType: '-unknown-', PDB: '', fileVersion: 10.0.22621.2215
  ERROR: LoadModule, GetLastError: 'Les ressources mémoire disponibles sont insuffisantes pour traiter cette commande.' (Address: 0000000000000000)
C:\Windows\System32\IMM32.dll:IMM32.dll (00007FFA67C80000), size: 200704 (result: 0), SymType: '-deferred-', PDB: '', fileVersion: 10.0.22621.1344
C:\Windows\System32\SETUPAPI.dll:SETUPAPI.dll (00007FFA66280000), size: 4669440 (result: 0), SymType: '-deferred-', PDB: '', fileVersion: 10.0.22621.1778
C:\Windows\System32\WS2_32.dll:WS2_32.dll (00007FFA67F20000), size: 462848 (result: 0), SymType: '-deferred-', PDB: '', fileVersion: 10.0.22621.1
: (00007FFA66F00000), size: 880640 (result: 8), SymType: '-unknown-', PDB: ''
  ERROR: LoadModule, GetLastError: 'Les ressources mémoire disponibles sont insuffisantes pour traiter cette commande.' (Address: 0000000000000000)
: (00007FFA14F90000), size: 1826816 (result: 8), SymType: '-unknown-', PDB: ''
  ERROR: LoadModule, GetLastError: 'Les ressources mémoire disponibles sont insuffisantes pour traiter cette commande.' (Address: 0000000000000000)
: (00007FFA2D780000), size: 1433600 (result: 8), SymType: '-unknown-', PDB: ''
  ERROR: LoadModule, GetLastError: 'Les ressources mémoire disponibles sont insuffisantes pour traiter cette commande.' (Address: 0000000000000000)
: (00007FFA661C0000), size: 442368 (result: 8), SymType: '-unknown-', PDB: ''
  ERROR: LoadModule, GetLastError: 'Les ressources mémoire disponibles sont insuffisantes pour traiter cette commande.' (Address: 0000000000000000)
: (0000000180000000), size: 6582272 (result: 8), SymType: '-unknown-', PDB: ''
  ERROR: LoadModule, GetLastError: 'Les ressources mémoire disponibles sont insuffisantes pour traiter cette commande.' (Address: 0000000000000000)
: (00007FFA5E950000), size: 45056 (result: 8), SymType: '-unknown-', PDB: ''
  ERROR: LoadModule, GetLastError: 'Les ressources mémoire disponibles sont insuffisantes pour traiter cette commande.' (Address: 0000000000000000)
: (00007FFA38080000), size: 1187840 (result: 8), SymType: '-unknown-', PDB: ''
  ERROR: LoadModule, GetLastError: 'Les ressources mémoire disponibles sont insuffisantes pour traiter cette commande.' (Address: 0000000000000000)
: (00007FFA64300000), size: 184320 (result: 8), SymType: '-unknown-', PDB: ''
  ERROR: LoadModule, GetLastError: 'Les ressources mémoire disponibles sont insuffisantes pour traiter cette commande.' (Address: 0000000000000000)
: (00007FFA07260000), size: 1048576 (result: 8), SymType: '-unknown-', PDB: ''
  ERROR: LoadModule, GetLastError: 'Les ressources mémoire disponibles sont insuffisantes pour traiter cette commande.' (Address: 0000000000000000)
: (00007FFA0E5C0000), size: 184320 (result: 0), SymType: '-deferred-', PDB: ''
C:\Windows\SYSTEM32\WINHTTP.dll:WINHTTP.dll (00007FFA5F460000), size: 1273856 (result: 8), SymType: '-unknown-', PDB: '', fileVersion: 10.0.22621.1635
  ERROR: LoadModule, GetLastError: 'Les ressources mémoire disponibles sont insuffisantes pour traiter cette commande.' (Address: 0000000000000000)
C:\Windows\SYSTEM32\WINMM.dll:WINMM.dll (00007FFA5E770000), size: 212992 (result: 8), SymType: '-unknown-', PDB: '', fileVersion: 10.0.22621.1635
  ERROR: LoadModule, GetLastError: 'Les ressources mémoire disponibles sont insuffisantes pour traiter cette commande.' (Address: 0000000000000000)
C:\Windows\SYSTEM32\bcrypt.dll:bcrypt.dll (00007FFA65120000), size: 163840 (result: 0), SymType: '-deferred-', PDB: '', fileVersion: 10.0.22621.1992
C:\Windows\SYSTEM32\HID.DLL:HID.DLL (00007FFA64060000), size: 57344 (result: 8), SymType: '-unknown-', PDB: '', fileVersion: 10.0.22621.1
  ERROR: LoadModule, GetLastError: 'Les ressources mémoire disponibles sont insuffisantes pour traiter cette commande.' (Address: 0000000000000000)
C:\Program Files\Unity\Hub\Editor\2022.3.10f1\Editor\SketchUpAPI.dll:SketchUpAPI.dll (00007FFA01C50000), size: 8990720 (result: 0), SymType: '-deferred-', PDB: '', fileVersion: 23.0.0.0
C:\Windows\SYSTEM32\dwmapi.dll:dwmapi.dll (00007FFA62C70000), size: 176128 (result: 8), SymType: '-unknown-', PDB: '', fileVersion: 10.0.22621.1635
  ERROR: LoadModule, GetLastError: 'Les ressources mémoire disponibles sont insuffisantes pour traiter cette commande.' (Address: 0000000000000000)
C:\Windows\SYSTEM32\VERSION.dll:VERSION.dll (00007FFA5C020000), size: 40960 (result: 8), SymType: '-unknown-', PDB: '', fileVersion: 10.0.22621.1
  ERROR: LoadModule, GetLastError: 'Les ressources mémoire disponibles sont insuffisantes pour traiter cette commande.' (Address: 0000000000000000)
C:\Windows\SYSTEM32\WSOCK32.dll:WSOCK32.dll (00007FFA5CE90000), size: 36864 (result: 8), SymType: '-unknown-', PDB: '', fileVersion: 10.0.22621.1
  ERROR: LoadModule, GetLastError: 'Les ressources mémoire disponibles sont insuffisantes pour traiter cette commande.' (Address: 0000000000000000)
C:\Windows\SYSTEM32\dxcore.dll:dxcore.dll (00007FFA62940000), size: 221184 (result: 8), SymType: '-unknown-', PDB: '', fileVersion: 10.0.22621.2361
  ERROR: LoadModule, GetLastError: 'Les ressources mémoire disponibles sont insuffisantes pour traiter cette commande.' (Address: 0000000000000000)
C:\Windows\SYSTEM32\VCRUNTIME140.dll:VCRUNTIME140.dll (00007FFA5E210000), size: 110592 (result: 0), SymType: '-deferred-', PDB: '', fileVersion: 14.36.32532.0
C:\Windows\SYSTEM32\MSVCP140.dll:MSVCP140.dll (00007FFA4BB00000), size: 581632 (result: 8), SymType: '-unknown-', PDB: '', fileVersion: 14.36.32532.0
  ERROR: LoadModule, GetLastError: 'Les ressources mémoire disponibles sont insuffisantes pour traiter cette commande.' (Address: 0000000000000000)
C:\Program Files\Unity\Hub\Editor\2022.3.10f1\Editor\SketchUpCommonPreferences.dll:SketchUpCommonPreferences.dll (00007FFA46900000), size: 499712 (result: 0), SymType: '-deferred-', PDB: '', fileVersion: 23.0.0.0
C:\Windows\SYSTEM32\Secur32.dll:Secur32.dll (00007FFA64630000), size: 49152 (result: 0), SymType: '-deferred-', PDB: '', fileVersion: 10.0.22621.1
C:\Windows\SYSTEM32\VCRUNTIME140_1.dll:VCRUNTIME140_1.dll (00007FFA5E7D0000), size: 49152 (result: 0), SymType: '-deferred-', PDB: '', fileVersion: 14.36.32532.0
C:\Windows\SYSTEM32\SSPICLI.DLL:SSPICLI.DLL (00007FFA64AD0000), size: 270336 (result: 8), SymType: '-unknown-', PDB: '', fileVersion: 10.0.22621.2215
  ERROR: LoadModule, GetLastError: 'Les ressources mémoire disponibles sont insuffisantes pour traiter cette commande.' (Address: 0000000000000000)
C:\Program Files\Unity\Hub\Editor\2022.3.10f1\Editor\OpenRL.dll:OpenRL.dll (000001BC27290000), size: 12779520 (result: 0), SymType: '-deferred-', PDB: '', fileVersion: 1.5.0.2907
C:\Windows\SYSTEM32\MSVCR100.dll:MSVCR100.dll (0000000073420000), size: 860160 (result: 0), SymType: '-deferred-', PDB: '', fileVersion: 10.0.40219.325
C:\Windows\SYSTEM32\MSVCP100.dll:MSVCP100.dll (0000000073500000), size: 622592 (result: 0), SymType: '-deferred-', PDB: '', fileVersion: 10.0.40219.325
C:\Program Files\Unity\Hub\Editor\2022.3.10f1\Editor\embree.dll:embree.dll (00007FF9FDA90000), size: 16711680 (result: 8), SymType: '-unknown-', PDB: '', fileVersion: 2.14.0.0
  ERROR: LoadModule, GetLastError: 'Les ressources mémoire disponibles sont insuffisantes pour traiter cette commande.' (Address: 0000000000000000)
C:\Program Files\Unity\Hub\Editor\2022.3.10f1\Editor\tbb.dll:tbb.dll (00007FFA4BB90000), size: 413696 (result: 0), SymType: '-deferred-', PDB: '', fileVersion: 2017.0.2016.1004
C:\Windows\SYSTEM32\MSVCP120.dll:MSVCP120.dll (00007FFA40270000), size: 679936 (result: 8), SymType: '-unknown-', PDB: '', fileVersion: 12.0.21005.1
  ERROR: LoadModule, GetLastError: 'Les ressources mémoire disponibles sont insuffisantes pour traiter cette commande.' (Address: 0000000000000000)
C:\Windows\SYSTEM32\MSVCR120.dll:MSVCR120.dll (00007FFA40C90000), size: 978944 (result: 0), SymType: '-deferred-', PDB: '', fileVersion: 12.0.21005.1
C:\Windows\SYSTEM32\cfgmgr32.DLL:cfgmgr32.DLL (00007FFA65470000), size: 319488 (result: 0), SymType: '-deferred-', PDB: '', fileVersion: 10.0.22621.1344
C:\Windows\SYSTEM32\MSWSOCK.DLL:MSWSOCK.DLL (00007FFA64D10000), size: 430080 (result: 8), SymType: '-unknown-', PDB: '', fileVersion: 10.0.22621.2361
  ERROR: LoadModule, GetLastError: 'Les ressources mémoire disponibles sont insuffisantes pour traiter cette commande.' (Address: 0000000000000000)
C:\Program Files\Unity\Hub\Editor\2022.3.10f1\Editor\OpenRL_pthread.dll:OpenRL_pthread.dll (000001BC27EE0000), size: 61440 (result: 8), SymType: '-unknown-', PDB: '', fileVersion: 2.9.0.0
  ERROR: LoadModule, GetLastError: 'Les ressources mémoire disponibles sont insuffisantes pour traiter cette commande.' (Address: 0000000000000000)
C:\Windows\SYSTEM32\MSASN1.dll:MSASN1.dll (00007FFA64FC0000), size: 73728 (result: 8), SymType: '-unknown-', PDB: '', fileVersion: 10.0.22621.819
  ERROR: LoadModule, GetLastError: 'Les ressources mémoire disponibles sont insuffisantes pour traiter cette commande.' (Address: 0000000000000000)
C:\Windows\System32\bcryptprimitives.dll:bcryptprimitives.dll (00007FFA65A10000), size: 499712 (result: 8), SymType: '-unknown-', PDB: '', fileVersion: 10.0.22621.2361
  ERROR: LoadModule, GetLastError: 'Les ressources mémoire disponibles sont insuffisantes pour traiter cette commande.' (Address: 0000000000000000)
C:\Windows\SYSTEM32\kernel.appcore.dll:kernel.appcore.dll (00007FFA64800000), size: 98304 (result: 8), SymType: '-unknown-', PDB: '', fileVersion: 10.0.22621.1
  ERROR: LoadModule, GetLastError: 'Les ressources mémoire disponibles sont insuffisantes pour traiter cette commande.' (Address: 0000000000000000)
C:\Windows\system32\uxtheme.dll:uxtheme.dll (00007FFA62830000), size: 700416 (result: 0), SymType: '-deferred-', PDB: '', fileVersion: 10.0.22621.2283
C:\Windows\SYSTEM32\windows.storage.dll:windows.storage.dll (00007FFA63760000), size: 9379840 (result: 0), SymType: '-deferred-', PDB: '', fileVersion: 10.0.22621.2361
C:\Windows\SYSTEM32\wintypes.dll:wintypes.dll (00007FFA63620000), size: 1302528 (result: 8), SymType: '-unknown-', PDB: '', fileVersion: 10.0.22621.2215
  ERROR: LoadModule, GetLastError: 'Les ressources mémoire disponibles sont insuffisantes pour traiter cette commande.' (Address: 0000000000000000)
C:\Windows\System32\SHCORE.dll:SHCORE.dll (00007FFA67E20000), size: 995328 (result: 8), SymType: '-unknown-', PDB: '', fileVersion: 10.0.22621.2070
  ERROR: LoadModule, GetLastError: 'Les ressources mémoire disponibles sont insuffisantes pour traiter cette commande.' (Address: 0000000000000000)
C:\Windows\SYSTEM32\profapi.dll:profapi.dll (00007FFA65780000), size: 155648 (result: 0), SymType: '-deferred-', PDB: '', fileVersion: 10.0.22621.1928
C:\Windows\system32\IconCodecService.dll:IconCodecService.dll (00007FFA324F0000), size: 36864 (result: 8), SymType: '-unknown-', PDB: '', fileVersion: 10.0.22621.1
  ERROR: LoadModule, GetLastError: 'Les ressources mémoire disponibles sont insuffisantes pour traiter cette commande.' (Address: 0000000000000000)
C:\Windows\SYSTEM32\WindowsCodecs.dll:WindowsCodecs.dll (00007FFA62600000), size: 1769472 (result: 0), SymType: '-deferred-', PDB: '', fileVersion: 10.0.22621.1635
C:\Windows\System32\clbcatq.dll:clbcatq.dll (00007FFA67FA0000), size: 720896 (result: 0), SymType: '-deferred-', PDB: '', fileVersion: 2001.12.10941.16384
C:\Windows\System32\netprofm.dll:netprofm.dll (00007FFA617B0000), size: 491520 (result: 0), SymType: '-deferred-', PDB: '', fileVersion: 10.0.22621.2070
C:\Windows\System32\npmproxy.dll:npmproxy.dll (00007FFA5E390000), size: 98304 (result: 0), SymType: '-deferred-', PDB: '', fileVersion: 10.0.22621.1635
C:\Windows\System32\NSI.dll:NSI.dll (00007FFA67C70000), size: 36864 (result: 8), SymType: '-unknown-', PDB: '', fileVersion: 10.0.22621.1
  ERROR: LoadModule, GetLastError: 'Les ressources mémoire disponibles sont insuffisantes pour traiter cette commande.' (Address: 0000000000000000)
C:\Windows\SYSTEM32\dhcpcsvc6.DLL:dhcpcsvc6.DLL (00007FFA60F00000), size: 102400 (result: 0), SymType: '-deferred-', PDB: '', fileVersion: 10.0.22621.1344
C:\Windows\SYSTEM32\dhcpcsvc.DLL:dhcpcsvc.DLL (00007FFA60350000), size: 126976 (result: 0), SymType: '-deferred-', PDB: '', fileVersion: 10.0.22621.1344
C:\Windows\SYSTEM32\DNSAPI.dll:DNSAPI.dll (00007FFA64380000), size: 1019904 (result: 0), SymType: '-deferred-', PDB: '', fileVersion: 10.0.22621.2361
C:\Windows\system32\napinsp.dll:napinsp.dll (00007FFA44AF0000), size: 94208 (result: 0), SymType: '-deferred-', PDB: '', fileVersion: 10.0.22621.1
C:\Windows\system32\pnrpnsp.dll:pnrpnsp.dll (00007FFA44AD0000), size: 110592 (result: 0), SymType: '-deferred-', PDB: '', fileVersion: 10.0.22621.1
C:\Windows\System32\winrnr.dll:winrnr.dll (00007FFA43A80000), size: 69632 (result: 8), SymType: '-unknown-', PDB: '', fileVersion: 10.0.22621.1
  ERROR: LoadModule, GetLastError: 'Les ressources mémoire disponibles sont insuffisantes pour traiter cette commande.' (Address: 0000000000000000)
C:\Windows\system32\wshbth.dll:wshbth.dll (00007FFA5EAE0000), size: 86016 (result: 8), SymType: '-unknown-', PDB: '', fileVersion: 10.0.22621.1778
  ERROR: LoadModule, GetLastError: 'Les ressources mémoire disponibles sont insuffisantes pour traiter cette commande.' (Address: 0000000000000000)
C:\Windows\system32\nlansp_c.dll:nlansp_c.dll (00007FFA43A20000), size: 135168 (result: 8), SymType: '-unknown-', PDB: '', fileVersion: 10.0.22621.2070
  ERROR: LoadModule, GetLastError: 'Les ressources mémoire disponibles sont insuffisantes pour traiter cette commande.' (Address: 0000000000000000)
C:\Windows\System32\fwpuclnt.dll:fwpuclnt.dll (00007FFA5E420000), size: 540672 (result: 8), SymType: '-unknown-', PDB: '', fileVersion: 10.0.22621.2428
  ERROR: LoadModule, GetLastError: 'Les ressources mémoire disponibles sont insuffisantes pour traiter cette commande.' (Address: 0000000000000000)
C:\Windows\System32\rasadhlp.dll:rasadhlp.dll (00007FFA5A710000), size: 40960 (result: 0), SymType: '-deferred-', PDB: '', fileVersion: 10.0.22621.1
C:\Program Files\Unity\Hub\Editor\2022.3.10f1\Editor\NVUnityPlugin.DLL:NVUnityPlugin.DLL (00007FFA197F0000), size: 1519616 (result: 8), SymType: '-unknown-', PDB: ''
  ERROR: LoadModule, GetLastError: 'Les ressources mémoire disponibles sont insuffisantes pour traiter cette commande.' (Address: 0000000000000000)
C:\Program Files\Unity\Hub\Editor\2022.3.10f1\Editor\Data\Tools\astcenc-avx2.dll:astcenc-avx2.dll (00007FFA40FB0000), size: 540672 (result: 0), SymType: '-deferred-', PDB: ''
C:\Windows\SYSTEM32\d3d11.dll:d3d11.dll (00007FFA5F200000), size: 2453504 (result: 0), SymType: '-deferred-', PDB: '', fileVersion: 10.0.22621.2070
C:\Windows\SYSTEM32\dxgi.dll:dxgi.dll (00007FFA62B20000), size: 1015808 (result: 0), SymType: '-deferred-', PDB: '', fileVersion: 10.0.22621.2361
C:\Windows\SYSTEM32\directxdatabasehelper.dll:directxdatabasehelper.dll (00007FFA4B5D0000), size: 303104 (result: 0), SymType: '-deferred-', PDB: '', fileVersion: 10.0.22621.2361
C:\Windows\System32\DriverStore\FileRepository\u0390483.inf_amd64_b7c25444b8e9ca60\B389503\aticfx64.dll:aticfx64.dll (00007FFA475F0000), size: 1814528 (result: 0), SymType: '-deferred-', PDB: '', fileVersion: 31.0.12044.45004
C:\Windows\System32\DriverStore\FileRepository\u0390483.inf_amd64_b7c25444b8e9ca60\B389503\atiuxp64.dll:atiuxp64.dll (00007FFA3DD70000), size: 233472 (result: 8), SymType: '-unknown-', PDB: '', fileVersion: 31.0.12044.45004
  ERROR: LoadModule, GetLastError: 'Les ressources mémoire disponibles sont insuffisantes pour traiter cette commande.' (Address: 0000000000000000)
C:\Windows\System32\DriverStore\FileRepository\u0390483.inf_amd64_b7c25444b8e9ca60\B389503\atidxx64.dll:atidxx64.dll (00007FFA3AF00000), size: 32673792 (result: 0), SymType: '-deferred-', PDB: '', fileVersion: 31.0.12044.45004
C:\Windows\SYSTEM32\apphelp.dll:apphelp.dll (00007FFA60700000), size: 618496 (result: 8), SymType: '-unknown-', PDB: '', fileVersion: 10.0.22621.2361
  ERROR: LoadModule, GetLastError: 'Les ressources mémoire disponibles sont insuffisantes pour traiter cette commande.' (Address: 0000000000000000)
C:\Windows\SYSTEM32\amdihk64.dll:amdihk64.dll (00007FFA3AC70000), size: 217088 (result: 8), SymType: '-unknown-', PDB: '', fileVersion: 2.0.0.1788
  ERROR: LoadModule, GetLastError: 'Les ressources mémoire disponibles sont insuffisantes pour traiter cette commande.' (Address: 0000000000000000)
C:\Windows\SYSTEM32\D3DSCache.dll:D3DSCache.dll (00007FFA3A9E0000), size: 192512 (result: 8), SymType: '-unknown-', PDB: '', fileVersion: 10.0.22621.1635
  ERROR: LoadModule, GetLastError: 'Les ressources mémoire disponibles sont insuffisantes pour traiter cette commande.' (Address: 0000000000000000)
C:\Windows\SYSTEM32\USERENV.dll:USERENV.dll (00007FFA64E00000), size: 180224 (result: 0), SymType: '-deferred-', PDB: '', fileVersion: 10.0.22621.1928
C:\Windows\system32\wbem\wbemprox.dll:wbemprox.dll (00007FFA528D0000), size: 65536 (result: 8), SymType: '-unknown-', PDB: '', fileVersion: 10.0.22621.2361
  ERROR: LoadModule, GetLastError: 'Les ressources mémoire disponibles sont insuffisantes pour traiter cette commande.' (Address: 0000000000000000)
C:\Windows\SYSTEM32\wbemcomn.dll:wbemcomn.dll (00007FFA56040000), size: 524288 (result: 8), SymType: '-unknown-', PDB: '', fileVersion: 10.0.22621.1
  ERROR: LoadModule, GetLastError: 'Les ressources mémoire disponibles sont insuffisantes pour traiter cette commande.' (Address: 0000000000000000)
C:\Windows\system32\wbem\wbemsvc.dll:wbemsvc.dll (00007FFA497C0000), size: 81920 (result: 8), SymType: '-unknown-', PDB: '', fileVersion: 10.0.22621.2361
  ERROR: LoadModule, GetLastError: 'Les ressources mémoire disponibles sont insuffisantes pour traiter cette commande.' (Address: 0000000000000000)
C:\Windows\system32\wbem\fastprox.dll:fastprox.dll (00007FFA49B80000), size: 1015808 (result: 8), SymType: '-unknown-', PDB: '', fileVersion: 10.0.22621.1635
  ERROR: LoadModule, GetLastError: 'Les ressources mémoire disponibles sont insuffisantes pour traiter cette commande.' (Address: 0000000000000000)
C:\Windows\SYSTEM32\amsi.dll:amsi.dll (00007FFA5B780000), size: 118784 (result: 0), SymType: '-deferred-', PDB: '', fileVersion: 10.0.22621.1
C:\Program Files\McAfee\MfeAV\AMSIExt.dll:AMSIExt.dll (00007FFA47860000), size: 835584 (result: 0), SymType: '-deferred-', PDB: '', fileVersion: 26.7.252.0
C:\Windows\System32\PSAPI.DLL:PSAPI.DLL (00007FFA67E10000), size: 32768 (result: 8), SymType: '-unknown-', PDB: '', fileVersion: 10.0.22621.1
  ERROR: LoadModule, GetLastError: 'Les ressources mémoire disponibles sont insuffisantes pour traiter cette commande.' (Address: 0000000000000000)
C:\Windows\SYSTEM32\dbghelp.dll:dbghelp.dll (00007FFA63240000), size: 2285568 (result: 0), SymType: '-deferred-', PDB: '', fileVersion: 10.0.22621.1
SymInit: Symbol-SearchPath: 'C:/Program Files/Unity/Hub/Editor/2022.3.10f1/Editor/Data/Mono;.;C:\Users\Confi\TP4PJ_2;C:\Users\Confi\TP4PJ_2\Library\BurstCache\JIT;C:\Program Files\Unity\Hub\Editor\2022.3.10f1\Editor;C:\Windows;C:\Windows\system32;', symOptions: 534, UserName: 'Confi'
OS-Version: 10.0.0
C:\Program Files\Unity\Hub\Editor\2022.3.10f1\Editor\Unity.exe:Unity.exe (00007FF670450000), size: 82272256 (result: 0), SymType: '-nosymbols-', PDB: 'C:\Program Files\Unity\Hub\Editor\2022.3.10f1\Editor\Unity.exe', fileVersion: 2022.3.10.14226
C:\Windows\SYSTEM32\ntdll.dll:ntdll.dll (00007FFA684D0000), size: 2191360 (result: 0), SymType: '-nosymbols-', PDB: 'C:\Windows\SYSTEM32\ntdll.dll', fileVersion: 10.0.22621.2428
C:\Windows\System32\KERNEL32.DLL:KERNEL32.DLL (00007FFA67AA0000), size: 802816 (result: 0), SymType: '-nosymbols-', PDB: 'C:\Windows\System32\KERNEL32.DLL', fileVersion: 10.0.22621.2428
C:\Windows\System32\KERNELBASE.dll:KERNELBASE.dll (00007FFA65D20000), size: 3825664 (result: 0), SymType: '-nosymbols-', PDB: 'C:\Windows\System32\KERNELBASE.dll', fileVersion: 10.0.22621.2428
C:\Windows\System32\CRYPT32.dll:CRYPT32.dll (00007FFA65BB0000), size: 1466368 (result: 0), SymType: '-nosymbols-', PDB: 'C:\Windows\System32\CRYPT32.dll', fileVersion: 10.0.22621.2215
C:\Windows\System32\ucrtbase.dll:ucrtbase.dll (00007FFA65A90000), size: 1118208 (result: 0), SymType: '-nosymbols-', PDB: 'C:\Windows\System32\ucrtbase.dll', fileVersion: 10.0.22621.608
C:\Windows\System32\USER32.dll:USER32.dll (00007FFA68220000), size: 1757184 (result: 0), SymType: '-nosymbols-', PDB: 'C:\Windows\System32\USER32.dll', fileVersion: 10.0.22621.2428
C:\Windows\System32\win32u.dll:win32u.dll (00007FFA660D0000), size: 155648 (result: 0), SymType: '-deferred-', PDB: '', fileVersion: 10.0.22621.2428
C:\Windows\System32\GDI32.dll:GDI32.dll (00007FFA67DE0000), size: 167936 (result: 0), SymType: '-deferred-', PDB: '', fileVersion: 10.0.22621.2215
: (00007FFA658F0000), size: 1146880 (result: 8), SymType: '-unknown-', PDB: ''
  ERROR: LoadModule, GetLastError: 'Les ressources mémoire disponibles sont insuffisantes pour traiter cette commande.' (Address: 0000000000000000)
: (00007FFA65850000), size: 630784 (result: 8), SymType: '-unknown-', PDB: ''
  ERROR: LoadModule, GetLastError: 'Les ressources mémoire disponibles sont insuffisantes pour traiter cette commande.' (Address: 0000000000000000)
: (00007FFA66B00000), size: 720896 (result: 0), SymType: '-nosymbols-', PDB: 'C:\Windows\System32\ADVAPI32.dll'
: (00007FFA67190000), size: 684032 (result: 8), SymType: '-unknown-', PDB: ''
  ERROR: LoadModule, GetLastError: 'Les ressources mémoire disponibles sont insuffisantes pour traiter cette commande.' (Address: 0000000000000000)
: (00007FFA67D30000), size: 679936 (result: 8), SymType: '-unknown-', PDB: ''
  ERROR: LoadModule, GetLastError: 'Les ressources mémoire disponibles sont insuffisantes pour traiter cette commande.' (Address: 0000000000000000)
: (00007FFA5BB50000), size: 180224 (result: 0), SymType: '-nosymbols-', PDB: 'C:\Program Files\Unity\Hub\Editor\2022.3.10f1\Editor\s3tcompress.dll'
C:\Windows\System32\RPCRT4.dll:RPCRT4.dll (00007FFA67070000), size: 1142784 (result: 0), SymType: '-nosymbols-', PDB: 'C:\Windows\System32\RPCRT4.dll', fileVersion: 10.0.22621.2428
C:\Program Files\Unity\Hub\Editor\2022.3.10f1\Editor\libfbxsdk.dll:libfbxsdk.dll (00007FFA00DE0000), size: 10067968 (result: 0), SymType: '-nosymbols-', PDB: 'C:\Program Files\Unity\Hub\Editor\2022.3.10f1\Editor\libfbxsdk.dll', fileVersion: 2020.3.3.0
C:\Program Files\Unity\Hub\Editor\2022.3.10f1\Editor\etccompress.dll:etccompress.dll (00007FFA0B6A0000), size: 5066752 (result: 0), SymType: '-nosymbols-', PDB: 'C:\Program Files\Unity\Hub\Editor\2022.3.10f1\Editor\etccompress.dll'
C:\Windows\System32\SHELL32.dll:SHELL32.dll (00007FFA67240000), size: 8749056 (result: 0), SymType: '-nosymbols-', PDB: 'C:\Windows\System32\SHELL32.dll', fileVersion: 10.0.22621.2428
C:\Windows\System32\SHLWAPI.dll:SHLWAPI.dll (00007FFA66D50000), size: 385024 (result: 0), SymType: '-nosymbols-', PDB: 'C:\Windows\System32\SHLWAPI.dll', fileVersion: 10.0.22621.1635
C:\Windows\System32\ole32.dll:ole32.dll (00007FFA66BB0000), size: 1699840 (result: 0), SymType: '-deferred-', PDB: '', fileVersion: 10.0.22621.2428
C:\Windows\System32\combase.dll:combase.dll (00007FFA66700000), size: 3710976 (result: 0), SymType: '-deferred-', PDB: '', fileVersion: 10.0.22621.2215
C:\Windows\System32\IMM32.dll:IMM32.dll (00007FFA67C80000), size: 200704 (result: 0), SymType: '-nosymbols-', PDB: 'C:\Windows\System32\IMM32.dll', fileVersion: 10.0.22621.1344
C:\Windows\System32\SETUPAPI.dll:SETUPAPI.dll (00007FFA66280000), size: 4669440 (result: 0), SymType: '-nosymbols-', PDB: 'C:\Windows\System32\SETUPAPI.dll', fileVersion: 10.0.22621.1778
C:\Windows\System32\WS2_32.dll:WS2_32.dll (00007FFA67F20000), size: 462848 (result: 0), SymType: '-nosymbols-', PDB: 'C:\Windows\System32\WS2_32.dll', fileVersion: 10.0.22621.1
C:\Windows\System32\OLEAUT32.dll:OLEAUT32.dll (00007FFA66F00000), size: 880640 (result: 0), SymType: '-deferred-', PDB: '', fileVersion: 10.0.22621.1992
C:\Program Files\Unity\Hub\Editor\2022.3.10f1\Editor\ispc_texcomp.dll:ispc_texcomp.dll (00007FFA14F90000), size: 1826816 (result: 8), SymType: '-unknown-', PDB: ''
  ERROR: LoadModule, GetLastError: 'Les ressources mémoire disponibles sont insuffisantes pour traiter cette commande.' (Address: 0000000000000000)
C:\Program Files\Unity\Hub\Editor\2022.3.10f1\Editor\compress_bc7e.dll:compress_bc7e.dll (00007FFA2D780000), size: 1433600 (result: 8), SymType: '-unknown-', PDB: ''
  ERROR: LoadModule, GetLastError: 'Les ressources mémoire disponibles sont insuffisantes pour traiter cette commande.' (Address: 0000000000000000)
C:\Windows\System32\WINTRUST.dll:WINTRUST.dll (00007FFA661C0000), size: 442368 (result: 8), SymType: '-unknown-', PDB: '', fileVersion: 10.0.22621.2361
  ERROR: LoadModule, GetLastError: 'Les ressources mémoire disponibles sont insuffisantes pour traiter cette commande.' (Address: 0000000000000000)
C:\Program Files\Unity\Hub\Editor\2022.3.10f1\Editor\FreeImage.dll:FreeImage.dll (0000000180000000), size: 6582272 (result: 8), SymType: '-unknown-', PDB: '', fileVersion: 3.18.0.0
  ERROR: LoadModule, GetLastError: 'Les ressources mémoire disponibles sont insuffisantes pour traiter cette commande.' (Address: 0000000000000000)
C:\Program Files\Unity\Hub\Editor\2022.3.10f1\Editor\WinPixEventRuntime.dll:WinPixEventRuntime.dll (00007FFA5E950000), size: 45056 (result: 8), SymType: '-unknown-', PDB: '', fileVersion: 1.0.1812.6001
  ERROR: LoadModule, GetLastError: 'Les ressources mémoire disponibles sont insuffisantes pour traiter cette commande.' (Address: 0000000000000000)
C:\Program Files\Unity\Hub\Editor\2022.3.10f1\Editor\umbraoptimizer64.dll:umbraoptimizer64.dll (00007FFA38080000), size: 1187840 (result: 8), SymType: '-unknown-', PDB: ''
  ERROR: LoadModule, GetLastError: 'Les ressources mémoire disponibles sont insuffisantes pour traiter cette commande.' (Address: 0000000000000000)
C:\Windows\SYSTEM32\IPHLPAPI.DLL:IPHLPAPI.DLL (00007FFA64300000), size: 184320 (result: 8), SymType: '-unknown-', PDB: '', fileVersion: 10.0.22621.1
  ERROR: LoadModule, GetLastError: 'Les ressources mémoire disponibles sont insuffisantes pour traiter cette commande.' (Address: 0000000000000000)
C:\Windows\SYSTEM32\OPENGL32.dll:OPENGL32.dll (00007FFA07260000), size: 1048576 (result: 8), SymType: '-unknown-', PDB: '', fileVersion: 10.0.22621.1635
  ERROR: LoadModule, GetLastError: 'Les ressources mémoire disponibles sont insuffisantes pour traiter cette commande.' (Address: 0000000000000000)
C:\Windows\SYSTEM32\GLU32.dll:GLU32.dll (00007FFA0E5C0000), size: 184320 (result: 0), SymType: '-deferred-', PDB: '', fileVersion: 10.0.22621.608
C:\Windows\SYSTEM32\WINHTTP.dll:WINHTTP.dll (00007FFA5F460000), size: 1273856 (result: 0), SymType: '-deferred-', PDB: '', fileVersion: 10.0.22621.1635
C:\Windows\SYSTEM32\WINMM.dll:WINMM.dll (00007FFA5E770000), size: 212992 (result: 8), SymType: '-unknown-', PDB: '', fileVersion: 10.0.22621.1635
  ERROR: LoadModule, GetLastError: 'Les ressources mémoire disponibles sont insuffisantes pour traiter cette commande.' (Address: 0000000000000000)
C:\Windows\SYSTEM32\bcrypt.dll:bcrypt.dll (00007FFA65120000), size: 163840 (result: 0), SymType: '-exported-', PDB: 'C:\Windows\SYSTEM32\bcrypt.dll', fileVersion: 10.0.22621.1992
C:\Windows\SYSTEM32\HID.DLL:HID.DLL (00007FFA64060000), size: 57344 (result: 0), SymType: '-deferred-', PDB: '', fileVersion: 10.0.22621.1
C:\Program Files\Unity\Hub\Editor\2022.3.10f1\Editor\SketchUpAPI.dll:SketchUpAPI.dll (00007FFA01C50000), size: 8990720 (result: 0), SymType: '-nosymbols-', PDB: 'C:\Program Files\Unity\Hub\Editor\2022.3.10f1\Editor\SketchUpAPI.dll', fileVersion: 23.0.0.0
C:\Windows\SYSTEM32\dwmapi.dll:dwmapi.dll (00007FFA62C70000), size: 176128 (result: 0), SymType: '-deferred-', PDB: '', fileVersion: 10.0.22621.1635
: (00007FFA5C020000), size: 40960 (result: 8), SymType: '-unknown-', PDB: ''
  ERROR: LoadModule, GetLastError: 'Les ressources mémoire disponibles sont insuffisantes pour traiter cette commande.' (Address: 0000000000000000)
: (00007FFA5CE90000), size: 36864 (result: 8), SymType: '-unknown-', PDB: ''
  ERROR: LoadModule, GetLastError: 'Les ressources mémoire disponibles sont insuffisantes pour traiter cette commande.' (Address: 0000000000000000)
: (00007FFA62940000), size: 221184 (result: 8), SymType: '-unknown-', PDB: ''
  ERROR: LoadModule, GetLastError: 'Les ressources mémoire disponibles sont insuffisantes pour traiter cette commande.' (Address: 0000000000000000)
: (00007FFA5E210000), size: 110592 (result: 0), SymType: '-nosymbols-', PDB: 'C:\Windows\SYSTEM32\VCRUNTIME140.dll'
: (00007FFA4BB00000), size: 581632 (result: 8), SymType: '-unknown-', PDB: ''
  ERROR: LoadModule, GetLastError: 'Les ressources mémoire disponibles sont insuffisantes pour traiter cette commande.' (Address: 0000000000000000)
: (00007FFA46900000), size: 499712 (result: 0), SymType: '-nosymbols-', PDB: 'C:\Program Files\Unity\Hub\Editor\2022.3.10f1\Editor\SketchUpCommonPreferences.dll'
: (00007FFA64630000), size: 49152 (result: 0), SymType: '-nosymbols-', PDB: 'C:\Windows\SYSTEM32\Secur32.dll'
C:\Windows\SYSTEM32\VCRUNTIME140_1.dll:VCRUNTIME140_1.dll (00007FFA5E7D0000), size: 49152 (result: 0), SymType: '-nosymbols-', PDB: 'C:\Windows\SYSTEM32\VCRUNTIME140_1.dll', fileVersion: 14.36.32532.0
C:\Windows\SYSTEM32\SSPICLI.DLL:SSPICLI.DLL (00007FFA64AD0000), size: 270336 (result: 0), SymType: '-deferred-', PDB: '', fileVersion: 10.0.22621.2215
C:\Program Files\Unity\Hub\Editor\2022.3.10f1\Editor\OpenRL.dll:OpenRL.dll (000001BC27290000), size: 12779520 (result: 0), SymType: '-nosymbols-', PDB: 'C:\Program Files\Unity\Hub\Editor\2022.3.10f1\Editor\OpenRL.dll', fileVersion: 1.5.0.2907
C:\Windows\SYSTEM32\MSVCR100.dll:MSVCR100.dll (0000000073420000), size: 860160 (result: 0), SymType: '-nosymbols-', PDB: 'C:\Windows\SYSTEM32\MSVCR100.dll', fileVersion: 10.0.40219.325
C:\Windows\SYSTEM32\MSVCP100.dll:MSVCP100.dll (0000000073500000), size: 622592 (result: 0), SymType: '-nosymbols-', PDB: 'C:\Windows\SYSTEM32\MSVCP100.dll', fileVersion: 10.0.40219.325
C:\Program Files\Unity\Hub\Editor\2022.3.10f1\Editor\embree.dll:embree.dll (00007FF9FDA90000), size: 16711680 (result: 0), SymType: '-deferred-', PDB: '', fileVersion: 2.14.0.0
: (00007FFA4BB90000), size: 413696 (result: 0), SymType: '-nosymbols-', PDB: 'C:\Program Files\Unity\Hub\Editor\2022.3.10f1\Editor\tbb.dll'
:MSVCP120.dll (00007FFA40270000), size: 679936 (result: 8), SymType: '-unknown-', PDB: ''
  ERROR: LoadModule, GetLastError: 'Les ressources mémoire disponibles sont insuffisantes pour traiter cette commande.' (Address: 0000000000000000)
C:\Windows\SYSTEM32\MSVCR120.dll:MSVCR120.dll (00007FFA40C90000), size: 978944 (result: 0), SymType: '-nosymbols-', PDB: 'C:\Windows\SYSTEM32\MSVCR120.dll', fileVersion: 12.0.21005.1
C:\Windows\SYSTEM32\cfgmgr32.DLL:cfgmgr32.DLL (00007FFA65470000), size: 319488 (result: 0), SymType: '-nosymbols-', PDB: 'C:\Windows\SYSTEM32\cfgmgr32.DLL', fileVersion: 10.0.22621.1344
C:\Windows\SYSTEM32\MSWSOCK.DLL:MSWSOCK.DLL (00007FFA64D10000), size: 430080 (result: 0), SymType: '-deferred-', PDB: '', fileVersion: 10.0.22621.2361
C:\Program Files\Unity\Hub\Editor\2022.3.10f1\Editor\OpenRL_pthread.dll:OpenRL_pthread.dll (000001BC27EE0000), size: 61440 (result: 8), SymType: '-unknown-', PDB: '', fileVersion: 2.9.0.0
  ERROR: LoadModule, GetLastError: 'Les ressources mémoire disponibles sont insuffisantes pour traiter cette commande.' (Address: 0000000000000000)
C:\Windows\SYSTEM32\MSASN1.dll:MSASN1.dll (00007FFA64FC0000), size: 73728 (result: 8), SymType: '-unknown-', PDB: '', fileVersion: 10.0.22621.819
  ERROR: LoadModule, GetLastError: 'Les ressources mémoire disponibles sont insuffisantes pour traiter cette commande.' (Address: 0000000000000000)
C:\Windows\System32\bcryptprimitives.dll:bcryptprimitives.dll (00007FFA65A10000), size: 499712 (result: 8), SymType: '-unknown-', PDB: '', fileVersion: 10.0.22621.2361
  ERROR: LoadModule, GetLastError: 'Les ressources mémoire disponibles sont insuffisantes pour traiter cette commande.' (Address: 0000000000000000)
C:\Windows\SYSTEM32\kernel.appcore.dll:kernel.appcore.dll (00007FFA64800000), size: 98304 (result: 8), SymType: '-unknown-', PDB: '', fileVersion: 10.0.22621.1
  ERROR: LoadModule, GetLastError: 'Les ressources mémoire disponibles sont insuffisantes pour traiter cette commande.' (Address: 0000000000000000)
C:\Windows\system32\uxtheme.dll:uxtheme.dll (00007FFA62830000), size: 700416 (result: 0), SymType: '-nosymbols-', PDB: 'C:\Windows\system32\uxtheme.dll', fileVersion: 10.0.22621.2283
C:\Windows\SYSTEM32\windows.storage.dll:windows.storage.dll (00007FFA63760000), size: 9379840 (result: 0), SymType: '-nosymbols-', PDB: 'C:\Windows\SYSTEM32\windows.storage.dll', fileVersion: 10.0.22621.2361
C:\Windows\SYSTEM32\wintypes.dll:wintypes.dll (00007FFA63620000), size: 1302528 (result: 0), SymType: '-deferred-', PDB: '', fileVersion: 10.0.22621.2215
C:\Windows\System32\SHCORE.dll:SHCORE.dll (00007FFA67E20000), size: 995328 (result: 0), SymType: '-deferred-', PDB: '', fileVersion: 10.0.22621.2070
: (00007FFA65780000), size: 155648 (result: 0), SymType: '-nosymbols-', PDB: 'C:\Windows\SYSTEM32\profapi.dll'
C:\Windows\system32\IconCodecService.dll:IconCodecService.dll (00007FFA324F0000), size: 36864 (result: 8), SymType: '-unknown-', PDB: '', fileVersion: 10.0.22621.1
  ERROR: LoadModule, GetLastError: 'Les ressources mémoire disponibles sont insuffisantes pour traiter cette commande.' (Address: 0000000000000000)
C:\Windows\SYSTEM32\WindowsCodecs.dll:WindowsCodecs.dll (00007FFA62600000), size: 1769472 (result: 0), SymType: '-nosymbols-', PDB: 'C:\Windows\SYSTEM32\WindowsCodecs.dll', fileVersion: 10.0.22621.1635
C:\Windows\System32\clbcatq.dll:clbcatq.dll (00007FFA67FA0000), size: 720896 (result: 0), SymType: '-nosymbols-', PDB: 'C:\Windows\System32\clbcatq.dll', fileVersion: 2001.12.10941.16384
C:\Windows\System32\netprofm.dll:netprofm.dll (00007FFA617B0000), size: 491520 (result: 0), SymType: '-nosymbols-', PDB: 'C:\Windows\System32\netprofm.dll', fileVersion: 10.0.22621.2070
C:\Windows\System32\npmproxy.dll:npmproxy.dll (00007FFA5E390000), size: 98304 (result: 0), SymType: '-nosymbols-', PDB: 'C:\Windows\System32\npmproxy.dll', fileVersion: 10.0.22621.1635
C:\Windows\System32\NSI.dll:NSI.dll (00007FFA67C70000), size: 36864 (result: 8), SymType: '-unknown-', PDB: '', fileVersion: 10.0.22621.1
  ERROR: LoadModule, GetLastError: 'Les ressources mémoire disponibles sont insuffisantes pour traiter cette commande.' (Address: 0000000000000000)
C:\Windows\SYSTEM32\dhcpcsvc6.DLL:dhcpcsvc6.DLL (00007FFA60F00000), size: 102400 (result: 0), SymType: '-nosymbols-', PDB: 'C:\Windows\SYSTEM32\dhcpcsvc6.DLL', fileVersion: 10.0.22621.1344
C:\Windows\SYSTEM32\dhcpcsvc.DLL:dhcpcsvc.DLL (00007FFA60350000), size: 126976 (result: 0), SymType: '-nosymbols-', PDB: 'C:\Windows\SYSTEM32\dhcpcsvc.DLL', fileVersion: 10.0.22621.1344
C:\Windows\SYSTEM32\DNSAPI.dll:DNSAPI.dll (00007FFA64380000), size: 1019904 (result: 0), SymType: '-nosymbols-', PDB: 'C:\Windows\SYSTEM32\DNSAPI.dll', fileVersion: 10.0.22621.2361
C:\Windows\system32\napinsp.dll:napinsp.dll (00007FFA44AF0000), size: 94208 (result: 0), SymType: '-nosymbols-', PDB: 'C:\Windows\system32\napinsp.dll', fileVersion: 10.0.22621.1
C:\Windows\system32\pnrpnsp.dll:pnrpnsp.dll (00007FFA44AD0000), size: 110592 (result: 0), SymType: '-nosymbols-', PDB: 'C:\Windows\system32\pnrpnsp.dll', fileVersion: 10.0.22621.1
C:\Windows\System32\winrnr.dll:winrnr.dll (00007FFA43A80000), size: 69632 (result: 8), SymType: '-unknown-', PDB: '', fileVersion: 10.0.22621.1
  ERROR: LoadModule, GetLastError: 'Les ressources mémoire disponibles sont insuffisantes pour traiter cette commande.' (Address: 0000000000000000)
C:\Windows\system32\wshbth.dll:wshbth.dll (00007FFA5EAE0000), size: 86016 (result: 8), SymType: '-unknown-', PDB: '', fileVersion: 10.0.22621.1778
  ERROR: LoadModule, GetLastError: 'Les ressources mémoire disponibles sont insuffisantes pour traiter cette commande.' (Address: 0000000000000000)
C:\Windows\system32\nlansp_c.dll:nlansp_c.dll (00007FFA43A20000), size: 135168 (result: 8), SymType: '-unknown-', PDB: '', fileVersion: 10.0.22621.2070
  ERROR: LoadModule, GetLastError: 'Les ressources mémoire disponibles sont insuffisantes pour traiter cette commande.' (Address: 0000000000000000)
C:\Windows\System32\fwpuclnt.dll:fwpuclnt.dll (00007FFA5E420000), size: 540672 (result: 8), SymType: '-unknown-', PDB: '', fileVersion: 10.0.22621.2428
  ERROR: LoadModule, GetLastError: 'Les ressources mémoire disponibles sont insuffisantes pour traiter cette commande.' (Address: 0000000000000000)
C:\Windows\System32\rasadhlp.dll:rasadhlp.dll (00007FFA5A710000), size: 40960 (result: 0), SymType: '-nosymbols-', PDB: 'C:\Windows\System32\rasadhlp.dll', fileVersion: 10.0.22621.1
C:\Program Files\Unity\Hub\Editor\2022.3.10f1\Editor\NVUnityPlugin.DLL:NVUnityPlugin.DLL (00007FFA197F0000), size: 1519616 (result: 8), SymType: '-unknown-', PDB: ''
  ERROR: LoadModule, GetLastError: 'Les ressources mémoire disponibles sont insuffisantes pour traiter cette commande.' (Address: 0000000000000000)
C:\Program Files\Unity\Hub\Editor\2022.3.10f1\Editor\Data\Tools\astcenc-avx2.dll:astcenc-avx2.dll (00007FFA40FB0000), size: 540672 (result: 0), SymType: '-nosymbols-', PDB: 'C:\Program Files\Unity\Hub\Editor\2022.3.10f1\Editor\Data\Tools\astcenc-avx2.dll'
C:\Windows\SYSTEM32\d3d11.dll:d3d11.dll (00007FFA5F200000), size: 2453504 (result: 0), SymType: '-nosymbols-', PDB: 'C:\Windows\SYSTEM32\d3d11.dll', fileVersion: 10.0.22621.2070
C:\Windows\SYSTEM32\dxgi.dll:dxgi.dll (00007FFA62B20000), size: 1015808 (result: 0), SymType: '-nosymbols-', PDB: 'C:\Windows\SYSTEM32\dxgi.dll', fileVersion: 10.0.22621.2361
C:\Windows\SYSTEM32\directxdatabasehelper.dll:directxdatabasehelper.dll (00007FFA4B5D0000), size: 303104 (result: 0), SymType: '-nosymbols-', PDB: 'C:\Windows\SYSTEM32\directxdatabasehelper.dll', fileVersion: 10.0.22621.2361
C:\Windows\System32\DriverStore\FileRepository\u0390483.inf_amd64_b7c25444b8e9ca60\B389503\aticfx64.dll:aticfx64.dll (00007FFA475F0000), size: 1814528 (result: 0), SymType: '-nosymbols-', PDB: 'C:\Windows\System32\DriverStore\FileRepository\u0390483.inf_amd64_b7c25444b8e9ca60\B389503\aticfx64.dll', fileVersion: 31.0.12044.45004
: (00007FFA3DD70000), size: 233472 (result: 8), SymType: '-unknown-', PDB: ''
  ERROR: LoadModule, GetLastError: 'Les ressources mémoire disponibles sont insuffisantes pour traiter cette commande.' (Address: 0000000000000000)
: (00007FFA3AF00000), size: 32673792 (result: 0), SymType: '-nosymbols-', PDB: 'C:\Windows\System32\DriverStore\FileRepository\u0390483.inf_amd64_b7c25444b8e9ca60\B389503\atidxx64.dll'
: (00007FFA60700000), size: 618496 (result: 8), SymType: '-unknown-', PDB: ''
  ERROR: LoadModule, GetLastError: 'Les ressources mémoire disponibles sont insuffisantes pour traiter cette commande.' (Address: 0000000000000000)
: (00007FFA3AC70000), size: 217088 (result: 8), SymType: '-unknown-', PDB: ''
  ERROR: LoadModule, GetLastError: 'Les ressources mémoire disponibles sont insuffisantes pour traiter cette commande.' (Address: 0000000000000000)
: (00007FFA3A9E0000), size: 192512 (result: 8), SymType: '-unknown-', PDB: ''
  ERROR: LoadModule, GetLastError: 'Les ressources mémoire disponibles sont insuffisantes pour traiter cette commande.' (Address: 0000000000000000)
:USERENV.dll (00007FFA64E00000), size: 180224 (result: 0), SymType: '-nosymbols-', PDB: 'C:\Windows\SYSTEM32\USERENV.dll'
C:\Windows\system32\wbem\wbemprox.dll:wbemprox.dll (00007FFA528D0000), size: 65536 (result: 0), SymType: '-deferred-', PDB: '', fileVersion: 10.0.22621.2361
: (00007FFA56040000), size: 524288 (result: 8), SymType: '-unknown-', PDB: ''
  ERROR: LoadModule, GetLastError: 'Les ressources mémoire disponibles sont insuffisantes pour traiter cette commande.' (Address: 0000000000000000)
: (00007FFA497C0000), size: 81920 (result: 8), SymType: '-unknown-', PDB: ''
  ERROR: LoadModule, GetLastError: 'Les ressources mémoire disponibles sont insuffisantes pour traiter cette commande.' (Address: 0000000000000000)
: (00007FFA49B80000), size: 1015808 (result: 8), SymType: '-unknown-', PDB: ''
  ERROR: LoadModule, GetLastError: 'Les ressources mémoire disponibles sont insuffisantes pour traiter cette commande.' (Address: 0000000000000000)
: (00007FFA5B780000), size: 118784 (result: 0), SymType: '-nosymbols-', PDB: 'C:\Windows\SYSTEM32\amsi.dll'
: (00007FFA47860000), size: 835584 (result: 0), SymType: '-nosymbols-', PDB: 'C:\Program Files\McAfee\MfeAV\AMSIExt.dll'
: (00007FFA67E10000), size: 32768 (result: 8), SymType: '-unknown-', PDB: ''
  ERROR: LoadModule, GetLastError: 'Les ressources mémoire disponibles sont insuffisantes pour traiter cette commande.' (Address: 0000000000000000)
: (00007FFA63240000), size: 2285568 (result: 0), SymType: '-nosymbols-', PDB: 'C:\Windows\SYSTEM32\dbghelp.dll'
  ERROR: SymGetSymFromAddr64, GetLastError: 'Tentative d’accès à une adresse non valide.' (Address: 00007FF671612918)
0x00007FF671612918 (Unity) (function-name not available)
  ERROR: SymGetSymFromAddr64, GetLastError: 'Tentative d’accès à une adresse non valide.' (Address: 00007FF671612A31)
0x00007FF671612A31 (Unity) (function-name not available)
  ERROR: SymGetSymFromAddr64, GetLastError: 'Tentative d’accès à une adresse non valide.' (Address: 00007FF67162219A)
0x00007FF67162219A (Unity) (function-name not available)
  ERROR: SymGetSymFromAddr64, GetLastError: 'Tentative d’accès à une adresse non valide.' (Address: 00007FF673A40AB8)
0x00007FF673A40AB8 (Unity) (function-name not available)
  ERROR: SymGetSymFromAddr64, GetLastError: 'Tentative d’accès à une adresse non valide.' (Address: 00007FF673B04558)
0x00007FF673B04558 (Unity) (function-name not available)
  ERROR: SymGetSymFromAddr64, GetLastError: 'Tentative d’accès à une adresse non valide.' (Address: 00007FF673A0A450)
0x00007FF673A0A450 (Unity) (function-name not available)
  ERROR: SymGetSymFromAddr64, GetLastError: 'Tentative d’accès à une adresse non valide.' (Address: 00007FFA6857449F)
0x00007FFA6857449F (ntdll) (function-name not available)
  ERROR: SymGetSymFromAddr64, GetLastError: 'Tentative d’accès à une adresse non valide.' (Address: 00007FFA684EE456)
0x00007FFA684EE456 (ntdll) (function-name not available)
  ERROR: SymGetSymFromAddr64, GetLastError: 'Tentative d’accès à une adresse non valide.' (Address: 00007FFA6857348E)
0x00007FFA6857348E (ntdll) (function-name not available)
  ERROR: SymGetSymFromAddr64, GetLastError: 'Tentative d’accès à une adresse non valide.' (Address: 00007FF670E4499F)
0x00007FF670E4499F (Unity) (function-name not available)
  ERROR: SymGetSymFromAddr64, GetLastError: 'Tentative d’accès à une adresse non valide.' (Address: 00007FF670E2D4D6)
0x00007FF670E2D4D6 (Unity) (function-name not available)
  ERROR: SymGetSymFromAddr64, GetLastError: 'Tentative d’accès à une adresse non valide.' (Address: 00007FF670E3783E)
0x00007FF670E3783E (Unity) (function-name not available)
  ERROR: SymGetSymFromAddr64, GetLastError: 'Tentative d’accès à une adresse non valide.' (Address: 00007FF6712B7E98)
0x00007FF6712B7E98 (Unity) (function-name not available)
  ERROR: SymGetSymFromAddr64, GetLastError: 'Tentative d’accès à une adresse non valide.' (Address: 00007FF672D337AB)
0x00007FF672D337AB (Unity) (function-name not available)
  ERROR: SymGetSymFromAddr64, GetLastError: 'Tentative d’accès à une adresse non valide.' (Address: 00007FF672D32DB9)
0x00007FF672D32DB9 (Unity) (function-name not available)
  ERROR: SymGetSymFromAddr64, GetLastError: 'Tentative d’accès à une adresse non valide.' (Address: 00007FF672D2E5F1)
0x00007FF672D2E5F1 (Unity) (function-name not available)
  ERROR: SymGetSymFromAddr64, GetLastError: 'Tentative d’accès à une adresse non valide.' (Address: 00007FF672D2D380)
0x00007FF672D2D380 (Unity) (function-name not available)
  ERROR: SymGetSymFromAddr64, GetLastError: 'Tentative d’accès à une adresse non valide.' (Address: 00007FF6715FE94D)
0x00007FF6715FE94D (Unity) (function-name not available)
  ERROR: SymGetSymFromAddr64, GetLastError: 'Tentative d’accès à une adresse non valide.' (Address: 00007FF6715FF921)
0x00007FF6715FF921 (Unity) (function-name not available)
  ERROR: SymGetSymFromAddr64, GetLastError: 'Tentative d’accès à une adresse non valide.' (Address: 00007FF6715FF590)
0x00007FF6715FF590 (Unity) (function-name not available)
  ERROR: SymGetSymFromAddr64, GetLastError: 'Tentative d’accès à une adresse non valide.' (Address: 00007FF6715D0DCF)
0x00007FF6715D0DCF (Unity) (function-name not available)
  ERROR: SymGetSymFromAddr64, GetLastError: 'Tentative d’accès à une adresse non valide.' (Address: 00007FF6715D16F0)
0x00007FF6715D16F0 (Unity) (function-name not available)
  ERROR: SymGetSymFromAddr64, GetLastError: 'Tentative d’accès à une adresse non valide.' (Address: 00007FF6715D5AE2)
0x00007FF6715D5AE2 (Unity) (function-name not available)
  ERROR: SymGetSymFromAddr64, GetLastError: 'Tentative d’accès à une adresse non valide.' (Address: 00007FF6711D8A0E)
0x00007FF6711D8A0E (Unity) (function-name not available)
  ERROR: SymGetSymFromAddr64, GetLastError: 'Tentative d’accès à une adresse non valide.' (Address: 00007FF672D304B6)
0x00007FF672D304B6 (Unity) (function-name not available)
  ERROR: SymGetSymFromAddr64, GetLastError: 'Tentative d’accès à une adresse non valide.' (Address: 00007FF6711AB7D4)
0x00007FF6711AB7D4 (Unity) (function-name not available)
  ERROR: SymGetSymFromAddr64, GetLastError: 'Tentative d’accès à une adresse non valide.' (Address: 00007FF672179CCE)
0x00007FF672179CCE (Unity) (function-name not available)
  ERROR: SymGetSymFromAddr64, GetLastError: 'Tentative d’accès à une adresse non valide.' (Address: 00007FF672603635)
0x00007FF672603635 (Unity) (function-name not available)
  ERROR: SymGetSymFromAddr64, GetLastError: 'Tentative d’accès à une adresse non valide.' (Address: 00007FF6739E7DBE)
0x00007FF6739E7DBE (Unity) (function-name not available)
  ERROR: SymGetSymFromAddr64, GetLastError: 'Tentative d’accès à une adresse non valide.' (Address: 00007FFA67AB257D)
0x00007FFA67AB257D (KERNEL32) (function-name not available)
  ERROR: SymGetSymFromAddr64, GetLastError: 'Tentative d’accès à une adresse non valide.' (Address: 00007FFA6852AA78)
0x00007FFA6852AA78 (ntdll) (function-name not available)

========== END OF STACKTRACE ===========

A crash has been intercepted by the crash handler. For call stack and other details, see the latest crash report generated in:
 * C:/Users/Confi/AppData/Local/Temp/Unity/Editor/Crashes
